ExInformerUI/build/outputs/mapping/release/seeds.txt
ru.openitr.cbrfinfo.BasePreferencesActivity
ru.openitr.cbrfinfo.BasePreferencesActivity: BasePreferencesActivity()
ru.openitr.cbrfinfo.CBInfoProvider
ru.openitr.cbrfinfo.CBInfoProvider: CBInfoProvider()
ru.openitr.cbrfinfo.CurInfoRefreshReciever
ru.openitr.cbrfinfo.CurInfoRefreshReciever: CurInfoRefreshReciever()
ru.openitr.cbrfinfo.CurInfoRefreshService
ru.openitr.cbrfinfo.CurInfoRefreshService: CurInfoRefreshService()
ru.openitr.cbrfinfo.InfoRefreshService: InfoRefreshService()
ru.openitr.cbrfinfo.InfoWidget
ru.openitr.cbrfinfo.InfoWidget: InfoWidget()
ru.openitr.cbrfinfo.MainActivity
ru.openitr.cbrfinfo.MainActivity: MainActivity()
ru.openitr.cbrfinfo.MetInfoRefreshReciever
ru.openitr.cbrfinfo.MetInfoRefreshReciever: MetInfoRefreshReciever()
ru.openitr.cbrfinfo.MetInfoRefreshService
ru.openitr.cbrfinfo.MetInfoRefreshService: MetInfoRefreshService()
ru.openitr.cbrfinfo.TimePreference
ru.openitr.cbrfinfo.TimePreference: TimePreference(android.content.Context,android.util.AttributeSet)
ru.openitr.cbrfinfo.WidgetConfActivity
ru.openitr.cbrfinfo.WidgetConfActivity: WidgetConfActivity()
...
android.support.v4.app.FragmentActivity: FragmentActivity()
android.support.v4.view.PagerTitleStrip
android.support.v4.view.PagerTitleStrip: PagerTitleStrip(android.content.Context)
android.support.v4.view.PagerTitleStrip: PagerTitleStrip(android.content.Context,android.util.AttributeSet)
android.support.v4.view.ViewPager
android.support.v4.view.ViewPager: ViewPager(android.content.Context)
android.support.v4.view.ViewPager: ViewPager(android.content.Context,android.util.AttributeSet)
android.support.v4.widget.Space
android.support.v4.widget.Space: Space(android.content.Context,android.util.AttributeSet,int)
android.support.v4.widget.Space: Space(android.content.Context,android.util.AttributeSet)
android.support.v4.widget.Space: Space(android.content.Context)
android.support.v7.app.ActionBarActivity: ActionBarActivity()
android.support.v7.app.AppCompatActivity: AppCompatActivity()
android.support.v7.internal.view.menu.ActionMenuItemView
android.support.v7.internal.view.menu.ActionMenuItemView: ActionMenuItemView(android.content.Context)
android.support.v7.internal.view.menu.ActionMenuItemView: ActionMenuItemView(android.content.Context,android.util.AttributeSet)
android.support.v7.internal.view.menu.ActionMenuItemView: ActionMenuItemView(android.content.Context,android.util.AttributeSet,int)
android.support.v7.internal.view.menu.ExpandedMenuView
android.support.v7.internal.view.menu.ExpandedMenuView: ExpandedMenuView(android.content.Context,android.util.AttributeSet)
android.support.v7.internal.view.menu.ExpandedMenuView: ExpandedMenuView(android.content.Context,android.util.AttributeSet,int)
android.support.v7.internal.view.menu.ListMenuItemView
android.support.v7.internal.view.menu.ListMenuItemView: ListMenuItemView(android.content.Context,android.util.AttributeSet,int)
android.support.v7.internal.view.menu.ListMenuItemView: ListMenuItemView(android.content.Context,android.util.AttributeSet)
android.support.v7.internal.widget.AbsActionBarView: AbsActionBarView(android.content.Context)
android.support.v7.internal.widget.AbsActionBarView: AbsActionBarView(android.content.Context,android.util.AttributeSet)
android.support.v7.internal.widget.AbsActionBarView: AbsActionBarView(android.content.Context,android.util.AttributeSet,int)
android.support.v7.internal.widget.ActionBarContainer
android.support.v7.internal.widget.ActionBarContainer: ActionBarContainer(android.content.Context)
android.support.v7.internal.widget.ActionBarContainer: ActionBarContainer(android.content.Context,android.util.AttributeSet)
android.support.v7.internal.widget.ActionBarContextView
android.support.v7.internal.widget.ActionBarContextView: ActionBarContextView(android.content.Context)
android.support.v7.internal.widget.ActionBarContextView: ActionBarContextView(android.content.Context,android.util.AttributeSet)
android.support.v7.internal.widget.ActionBarContextView: ActionBarContextView(android.content.Context,android.util.AttributeSet,int)
android.support.v7.internal.widget.ActionBarOverlayLayout
android.support.v7.internal.widget.ActionBarOverlayLayout: ActionBarOverlayLayout(android.content.Context)
android.support.v7.internal.widget.ActionBarOverlayLayout: ActionBarOverlayLayout(android.content.Context,android.util.AttributeSet)
android.support.v7.internal.widget.ActivityChooserView$InnerLayout
android.support.v7.internal.widget.ActivityChooserView$InnerLayout: ActivityChooserView$InnerLayout(android.content.Context,android.util.AttributeSet)
android.support.v7.internal.widget.ContentFrameLayout
android.support.v7.internal.widget.ContentFrameLayout: ContentFrameLayout(android.content.Context)
android.support.v7.internal.widget.ContentFrameLayout: ContentFrameLayout(android.content.Context,android.util.AttributeSet)
android.support.v7.internal.widget.ContentFrameLayout: ContentFrameLayout(android.content.Context,android.util.AttributeSet,int)