ExInformerUI/build/outputs/mapping/release/mapping.txt
ru.openitr.cbrfinfo.AppDialog -> ru.openitr.cbrfinfo.a:
    java.util.Calendar onDate -> aj
    int dialogId -> ak
    int year -> al
    int month -> am
    int day -> an
    android.app.DatePickerDialog$OnDateSetListener ondateSet -> ao
    android.content.DialogInterface$OnClickListener notRespondPositiveOnClick -> ap
    void setNotRespondPositiveOnClick(android.content.DialogInterface$OnClickListener) -> a
    ru.openitr.cbrfinfo.AppDialog newInstance(int) -> b
    void setCallBack(android.app.DatePickerDialog$OnDateSetListener) -> a
    void setArguments(android.os.Bundle) -> g
    android.app.Dialog onCreateDialog(android.os.Bundle) -> c
    void goToNetsettings() -> K
    void access$000(ru.openitr.cbrfinfo.AppDialog) -> a
ru.openitr.cbrfinfo.AppDialog$1 -> ru.openitr.cbrfinfo.b:
    ru.openitr.cbrfinfo.AppDialog this$0 -> a
    void onClick(android.content.DialogInterface,int) -> onClick
ru.openitr.cbrfinfo.AppDialog$2 -> ru.openitr.cbrfinfo.c:
    ru.openitr.cbrfinfo.AppDialog this$0 -> a
    void onClick(android.content.DialogInterface,int) -> onClick
ru.openitr.cbrfinfo.AppDialog$3 -> ru.openitr.cbrfinfo.d:
    ru.openitr.cbrfinfo.AppDialog this$0 -> a
    void onClick(android.content.DialogInterface,int) -> onClick
ru.openitr.cbrfinfo.AppDialog$4 -> ru.openitr.cbrfinfo.e:
    ru.openitr.cbrfinfo.AppDialog this$0 -> a
    void onClick(android.content.DialogInterface,int) -> onClick
ru.openitr.cbrfinfo.BasePreferencesActivity -> ru.openitr.cbrfinfo.BasePreferencesActivity:
    void onCreate(android.os.Bundle) -> onCreate
    void onContentChanged() -> onContentChanged
ru.openitr.cbrfinfo.CBInfoProvider -> ru.openitr.cbrfinfo.CBInfoProvider:
    android.database.sqlite.SQLiteDatabase db -> a
    android.net.Uri CURRENCY_CONTENT_URI -> b
    android.net.Uri METAL_CONTENT_URI -> c
    android.content.UriMatcher uriMatcher -> e
    ru.openitr.cbrfinfo.CBInfoProvider$InfoDBHelper dbHelper -> d
    boolean onCreate() -> onCreate
    void finalize() -> finalize
    android.database.Cursor query(android.net.Uri,java.lang.String[],java.lang.String,java.lang.String[],java.lang.String) -> query
    java.lang.String getType(android.net.Uri) -> getType
    android.net.Uri insert(android.net.Uri,android.content.ContentValues) -> insert
    int delete(android.net.Uri,java.lang.String,java.lang.String[]) -> delete
    int update(android.net.Uri,android.content.ContentValues,java.lang.String,java.lang.String[]) -> update
ru.openitr.cbrfinfo.CBInfoProvider$InfoDBHelper -> ru.openitr.cbrfinfo.f:
    ru.openitr.cbrfinfo.CBInfoProvider this$0 -> a
    void close() -> close
    void onCreate(android.database.sqlite.SQLiteDatabase) -> onCreate
    void onUpgrade(android.database.sqlite.SQLiteDatabase,int,int) -> onUpgrade
ru.openitr.cbrfinfo.CbInfoDb -> ru.openitr.cbrfinfo.g:
    java.lang.String CURRENCY_TABLE -> a
    java.lang.String METAL_TABLE -> b
    java.lang.String[] MET_ALL_COLUMNS -> c
    java.lang.String CREATE_CUR_TABLE -> d
    java.lang.String CREATE_CURTABLE_TRIGGER_1 -> e
    java.lang.String[] INSERT_CURRENCY_DATA -> f
    java.lang.String CREATE_METALL_TABLE -> g
    java.lang.String CREATE_METALTABLE_TRIGGER_1 -> h
    java.lang.String[] INSERT_METAL_DATA -> i
    java.lang.String[] CUR_ALL_COLUMNS -> j
ru.openitr.cbrfinfo.CurInfoRefreshReciever -> ru.openitr.cbrfinfo.CurInfoRefreshReciever:
    void onReceive(android.content.Context,android.content.Intent) -> onReceive
ru.openitr.cbrfinfo.CurInfoRefreshService -> ru.openitr.cbrfinfo.CurInfoRefreshService:
    void readPreferencesFromFile(android.content.SharedPreferences) -> a
    void resetPreferences(android.content.Context,java.util.Calendar) -> a
    java.lang.String getTickerText() -> a
    java.lang.String getExpandetText() -> b
    java.lang.String setAlarmAction() -> c
    void startTask(java.util.Calendar) -> a
ru.openitr.cbrfinfo.CurInfoRefreshService$1 -> ru.openitr.cbrfinfo.h:
...
android.support.v4.app.FragmentPagerAdapter -> android.support.v4.a.E:
    android.support.v4.app.FragmentManager mFragmentManager -> a
    android.support.v4.app.FragmentTransaction mCurTransaction -> b
    android.support.v4.app.Fragment mCurrentPrimaryItem -> c
    android.support.v4.app.Fragment getItem(int) -> a
    void startUpdate(android.view.ViewGroup) -> a
    java.lang.Object instantiateItem(android.view.ViewGroup,int) -> a
    void destroyItem(android.view.ViewGroup,int,java.lang.Object) -> a
    void setPrimaryItem(android.view.ViewGroup,int,java.lang.Object) -> b
    void finishUpdate(android.view.ViewGroup) -> b
    boolean isViewFromObject(android.view.View,java.lang.Object) -> a
    android.os.Parcelable saveState() -> a
    void restoreState(android.os.Parcelable,java.lang.ClassLoader) -> a
    long getItemId(int) -> b
    java.lang.String makeFragmentName(int,long) -> a
android.support.v4.app.FragmentState -> android.support.v4.a.F:
    java.lang.String mClassName -> a
    int mIndex -> b
    boolean mFromLayout -> c
    int mFragmentId -> d
    int mContainerId -> e
    java.lang.String mTag -> f
    boolean mRetainInstance -> g
    boolean mDetached -> h
    android.os.Bundle mArguments -> i
    android.os.Bundle mSavedFragmentState -> j
    android.support.v4.app.Fragment mInstance -> k
    android.os.Parcelable$Creator CREATOR -> l
    android.support.v4.app.Fragment instantiate(android.support.v4.app.FragmentActivity,android.support.v4.app.Fragment) -> a
    int describeContents() -> describeContents
    void writeToParcel(android.os.Parcel,int) -> writeToParcel
android.support.v4.app.FragmentState$1 -> android.support.v4.a.G:
    android.support.v4.app.FragmentState createFromParcel(android.os.Parcel) -> a
    android.support.v4.app.FragmentState[] newArray(int) -> a
    java.lang.Object[] newArray(int) -> newArray
    java.lang.Object createFromParcel(android.os.Parcel) -> createFromParcel
android.support.v4.app.FragmentTransaction -> android.support.v4.a.H:
    android.support.v4.app.FragmentTransaction add(android.support.v4.app.Fragment,java.lang.String) -> a
    android.support.v4.app.FragmentTransaction add(int,android.support.v4.app.Fragment,java.lang.String) -> a
    android.support.v4.app.FragmentTransaction remove(android.support.v4.app.Fragment) -> a
    android.support.v4.app.FragmentTransaction detach(android.support.v4.app.Fragment) -> b
    android.support.v4.app.FragmentTransaction attach(android.support.v4.app.Fragment) -> c
    int commit() -> a
    int commitAllowingStateLoss() -> b
android.support.v4.app.FragmentTransitionCompat21 -> android.support.v4.a.I:
    java.lang.String getTransitionName(android.view.View) -> a
    java.lang.Object cloneTransition(java.lang.Object) -> a
    java.lang.Object captureExitingViews(java.lang.Object,android.view.View,java.util.ArrayList,java.util.Map,android.view.View) -> a
    void excludeTarget(java.lang.Object,android.view.View,boolean) -> a
    void beginDelayedTransition(android.view.ViewGroup,java.lang.Object) -> a
    void setEpicenter(java.lang.Object,android.view.View) -> a
    void addTransitionTargets(java.lang.Object,java.lang.Object,android.view.View,android.support.v4.app.FragmentTransitionCompat21$ViewRetriever,android.view.View,android.support.v4.app.FragmentTransitionCompat21$EpicenterView,java.util.Map,java.util.ArrayList,java.util.Map,java.util.ArrayList) -> a
    java.lang.Object mergeTransitions(java.lang.Object,java.lang.Object,java.lang.Object,boolean) -> a
    void setSharedElementEpicenter(android.transition.Transition,android.support.v4.app.FragmentTransitionCompat21$EpicenterView) -> a
    android.graphics.Rect getBoundsOnScreen(android.view.View) -> c
    void captureTransitioningViews(java.util.ArrayList,android.view.View) -> b
    void findNamedViews(java.util.Map,android.view.View) -> a