ExInformerUI/build/outputs/mapping/release/usage.txt
ru.openitr.cbrfinfo.AppDialog:
    public static final int DATE_DIALOG
    public static final int NETSETTINGS_DIALOG
    public static final int PROGRESS_DIALOG
    public static final int ILLEGAL_DATA_DIALOD
    public static final int NOT_RESPOND_DIALOG
ru.openitr.cbrfinfo.BuildConfig
ru.openitr.cbrfinfo.CBInfoProvider:
    static final java.lang.String CUR_AUTHORITY
    static final java.lang.String CURRENCY_PATH
    static final java.lang.String CURRENCY_CONTENT_TYPE
    static final java.lang.String CURRENCY_CONTENT_ITEM_TYPE
    static final int URI_CURRENCY
    static final int URI_CURRENCY_ID
    static final java.lang.String MET_AUTHORITY
    static final java.lang.String METAL_PATH
    static final java.lang.String METAL_CONTENT_TYPE
    static final java.lang.String METAL_CONTENT_ITEM_TYPE
    static final int URI_METALL
    static final int URI_METAL_ID
ru.openitr.cbrfinfo.CbInfoDb:
    public static final java.lang.String DATABASE_NAME
    public static final int DATABASE_VERSION
    public static final java.lang.String CUR_KEY_ID
    public static final java.lang.String CUR_KEY_CODE
    public static final java.lang.String CUR_KEY_CHARCODE
    public static final java.lang.String CUR_KEY_VCURS
    public static final java.lang.String CUR_KEY_VNAME
    public static final java.lang.String CUR_KEY_DATE
    public static final java.lang.String CUR_KEY_IMAGE_URI
    public static final java.lang.String CUR_KEY_VISIBLE
    public static final java.lang.String CUR_KEY_ORDER
    public static final java.lang.String CUR_KEY_DELTA
    public static final int VALINDEX_COLUMN
    public static final int VALCODE_COLUMN
    public static final int VALCHARCODE_COLUMN
    public static final int VALCURS_COLUMN
    public static final int VALNAME_COLUMN
    public static final int VALDATE_COLUMN
    public static final int FLAGURI_COLUMN
    public static final int VISIBLE_COLUMN
    public static final int ORDER_COLUMN
    public static final int VALDELTA_COLNUM
    public static final java.lang.String MET_KEY_ID
    public static final java.lang.String MET_KEY_CODE
    public static final java.lang.String MET_KEY_PRICE
    public static final java.lang.String MET_KEY_DATE
    private static final java.lang.String MET_KEY_IMAGE_URI
    public static final java.lang.String MET_KEY_VISIBLE
ru.openitr.cbrfinfo.CurInfoRefreshReciever:
    public static final java.lang.String ACTION_REFRESH_INFO_ALARM
ru.openitr.cbrfinfo.CurrencyInfoFragment:
    public static final java.lang.String LOG_TAG
    public static final int FIN_STATUS_OK
    public static final java.lang.String PARAM_DATE
    public static final java.lang.String PARAM_ONLY_SET_ALARM
    public static final java.lang.String PARAM_FROM_ACTIVITY
    static final java.lang.String INFO_REFRESH_INTENT
    66:71:public static ru.openitr.cbrfinfo.CurrencyInfoFragment newInstance(int,int)
    75:75:public com.mobeta.android.dslv.DragSortController getController()
ru.openitr.cbrfinfo.DailyInfoStub:
    private static final java.lang.String namespace
    private static final java.lang.String url
    private static final java.lang.String LOG_TAG
ru.openitr.cbrfinfo.DragMetal:
    81:82:public void setPrice(java.lang.String)
    90:91:public void setOnDate(java.util.Calendar)
ru.openitr.cbrfinfo.ExtraCalendar:
    12:12:public ExtraCalendar()
    29:30:public static boolean isPast(java.util.Calendar)
    40:40:public static java.lang.String getSimpleDateString(java.util.Calendar)
    44:44:public static java.util.Calendar getToday()
    47:48:public static java.util.Calendar getTomorrow(java.util.Calendar)
    51:52:public static java.util.Calendar getYesterday(java.util.Calendar)
...
android.support.v4.content.IntentCompat$IntentCompatImplHC:
    72:72:public android.content.Intent makeRestartActivityTask(android.content.ComponentName)
android.support.v4.content.IntentCompat$IntentCompatImplIcsMr1:
    79:79:public android.content.Intent makeMainSelectorActivity(java.lang.String,java.lang.String)
android.support.v4.content.IntentCompatHoneycomb:
    22:22:IntentCompatHoneycomb()
    28:28:public static android.content.Intent makeRestartActivityTask(android.content.ComponentName)
android.support.v4.content.IntentCompatIcsMr1
android.support.v4.content.Loader:
    android.content.Context mContext
    38:93:public Loader(android.content.Context)
    103:106:public void deliverResult(java.lang.Object)
    112:112:public android.content.Context getContext()
    119:119:public int getId()
    158:158:public boolean isStarted()
    167:167:public boolean isAbandoned()
    176:176:public boolean isReset()
    218:219:public void forceLoad()
    226:226:protected void onForceLoad()
    262:264:public void abandon()
    276:276:protected void onAbandon()
    314:317:public boolean takeContentChanged()
    328:329:public void commitContentChanged()
    339:342:public void rollbackContentChanged()
    353:361:public void onContentChanged()
android.support.v4.content.Loader$ForceLoadContentObserver
android.support.v4.content.Loader$OnLoadCompleteListener:
    public abstract void onLoadComplete(android.support.v4.content.Loader,java.lang.Object)
android.support.v4.content.LocalBroadcastManager
android.support.v4.content.LocalBroadcastManager$1
android.support.v4.content.LocalBroadcastManager$BroadcastRecord
android.support.v4.content.LocalBroadcastManager$ReceiverRecord
android.support.v4.content.ModernAsyncTask
android.support.v4.content.ModernAsyncTask$1
android.support.v4.content.ModernAsyncTask$2
android.support.v4.content.ModernAsyncTask$3
android.support.v4.content.ModernAsyncTask$4
android.support.v4.content.ModernAsyncTask$AsyncTaskResult
android.support.v4.content.ModernAsyncTask$InternalHandler
android.support.v4.content.ModernAsyncTask$Status
android.support.v4.content.ModernAsyncTask$WorkerRunnable
android.support.v4.content.WakefulBroadcastReceiver
android.support.v4.content.pm.ActivityInfoCompat
android.support.v4.content.res.ResourcesCompat
android.support.v4.content.res.ResourcesCompatApi21
android.support.v4.content.res.ResourcesCompatIcsMr1
android.support.v4.database.DatabaseUtilsCompat
android.support.v4.graphics.BitmapCompat
android.support.v4.graphics.BitmapCompat$BaseBitmapImpl
android.support.v4.graphics.BitmapCompat$BitmapImpl
android.support.v4.graphics.BitmapCompat$HcMr1BitmapCompatImpl
android.support.v4.graphics.BitmapCompat$JbMr2BitmapCompatImpl
android.support.v4.graphics.BitmapCompat$KitKatBitmapCompatImpl
android.support.v4.graphics.BitmapCompatHoneycombMr1
android.support.v4.graphics.BitmapCompatJellybeanMR2
android.support.v4.graphics.BitmapCompatKitKat
android.support.v4.graphics.ColorUtils:
    private static final int MIN_ALPHA_SEARCH_MAX_ITERATIONS
    private static final int MIN_ALPHA_SEARCH_PRECISION
    29:29:private ColorUtils()
    64:73:public static double calculateLuminance(int)
    84:96:public static double calculateContrast(int,int)
    111:145:public static int calculateMinimumAlpha(int,int,float)
    162:196:public static void RGBToHSL(int,int,int,float[])
    210:211:public static void colorToHSL(int,float[])
    226:276:public static int HSLToColor(float[])
    290:290:private static float constrain(float,float,float)
    294:294:private static int constrain(int,int,int)
android.support.v4.graphics.drawable.DrawableCompat:
    27:162:public DrawableCompat()
    313:316:public static android.graphics.drawable.Drawable unwrap(android.graphics.drawable.Drawable)
android.support.v4.graphics.drawable.DrawableCompatApi22:
    24:24:DrawableCompatApi22()
android.support.v4.graphics.drawable.DrawableCompatBase:
    26:26:DrawableCompatBase()